<?xml version="1.0" encoding="UTF-8"?>
<testng-results ignored="0" total="1" passed="1" failed="0" skipped="0">
  <reporter-output>
  </reporter-output>
  <suite started-at="2023-12-30T13:48:38 IST" name="Default suite" finished-at="2023-12-30T13:48:38 IST" duration-ms="115">
    <groups>
    </groups>
    <test started-at="2023-12-30T13:48:38 IST" name="Default test" finished-at="2023-12-30T13:48:38 IST" duration-ms="115">
      <class name="tyss.Strings.SwapFirstWordAndLastWord">
        <test-method signature="swap()[pri:0, instance:tyss.Strings.SwapFirstWordAndLastWord@5cee5251]" started-at="2023-12-30T13:48:38 IST" name="swap" finished-at="2023-12-30T13:48:38 IST" duration-ms="26" status="PASS">
          <reporter-output>
          </reporter-output>
        </test-method> <!-- swap -->
      </class> <!-- tyss.Strings.SwapFirstWordAndLastWord -->
    </test> <!-- Default test -->
  </suite> <!-- Default suite -->
</testng-results>
